Performing C++ SOURCE FILE Test CMAKE_HAVE_LIBC_PTHREAD failed with the following output:
Change Dir: C:/Users/harve/source/repos/2023_20373187/WS5_Exercises/build-WorkSheet_5_Exercise-Desktop_Qt_6_4_2_MSVC2019_64bit-Debug/CMakeFiles/CMakeTmp

Run Build Command(s):C:/PROGRA~1/MICROS~4/2022/COMMUN~1/Common7/IDE/COMMON~1/MICROS~1/CMake/Ninja/ninja.exe cmTC_e5ff1 && [1/2] Building CXX object CMakeFiles\cmTC_e5ff1.dir\src.cxx.obj
FAILED: CMakeFiles/cmTC_e5ff1.dir/src.cxx.obj 
C:\PROGRA~1\MICROS~4\2022\COMMUN~1\VC\Tools\MSVC\1430~1.307\bin\HostX64\x64\cl.exe  /nologo /TP -DCMAKE_HAVE_LIBC_PTHREAD  -DQT_QML_DEBUG /DWIN32 /D_WINDOWS /W3 /GR /EHsc  /MDd /Zi /Ob0 /Od /RTC1 -std:c++17 /showIncludes /FoCMakeFiles\cmTC_e5ff1.dir\src.cxx.obj /FdCMakeFiles\cmTC_e5ff1.dir\ /FS -c C:\Users\harve\source\repos\2023_20373187\WS5_Exercises\build-WorkSheet_5_Exercise-Desktop_Qt_6_4_2_MSVC2019_64bit-Debug\CMakeFiles\CMakeTmp\src.cxx
C:\Users\harve\source\repos\2023_20373187\WS5_Exercises\build-WorkSheet_5_Exercise-Desktop_Qt_6_4_2_MSVC2019_64bit-Debug\CMakeFiles\CMakeTmp\src.cxx(1): fatal error C1083: Cannot open include file: 'pthread.h': No such file or directory
ninja: build stopped: subcommand failed.


Source file was:
#include <pthread.h>

static void* test_func(void* data)
{
  return data;
}

int main(void)
{
  pthread_t thread;
  pthread_create(&thread, NULL, test_func, NULL);
  pthread_detach(thread);
  pthread_cancel(thread);
  pthread_join(thread, NULL);
  pthread_atfork(NULL, NULL, NULL);
  pthread_exit(NULL);

  return 0;
}

Determining if the function pthread_create exists in the pthreads failed with the following output:
Change Dir: C:/Users/harve/source/repos/2023_20373187/WS5_Exercises/build-WorkSheet_5_Exercise-Desktop_Qt_6_4_2_MSVC2019_64bit-Debug/CMakeFiles/CMakeTmp

Run Build Command(s):C:/PROGRA~1/MICROS~4/2022/COMMUN~1/Common7/IDE/COMMON~1/MICROS~1/CMake/Ninja/ninja.exe cmTC_d7e06 && [1/2] Building CXX object CMakeFiles\cmTC_d7e06.dir\CheckFunctionExists.cxx.obj
[2/2] Linking CXX executable cmTC_d7e06.exe
FAILED: cmTC_d7e06.exe 
cmd.exe /C "cd . && C:\Qt\Tools\CMake_64\bin\cmake.exe -E vs_link_exe --intdir=CMakeFiles\cmTC_d7e06.dir --rc=C:\PROGRA~2\WI3CF2~1\10\bin\100190~1.0\x64\rc.exe --mt=C:\PROGRA~2\WI3CF2~1\10\bin\100190~1.0\x64\mt.exe --manifests  -- C:\PROGRA~1\MICROS~4\2022\COMMUN~1\VC\Tools\MSVC\1430~1.307\bin\Hostx64\x64\link.exe /nologo CMakeFiles\cmTC_d7e06.dir\CheckFunctionExists.cxx.obj  /out:cmTC_d7e06.exe /implib:cmTC_d7e06.lib /pdb:cmTC_d7e06.pdb /version:0.0 /machine:x64  /debug /INCREMENTAL /subsystem:console  pthreads.lib  kernel32.lib user32.lib gdi32.lib winspool.lib shell32.lib ole32.lib oleaut32.lib uuid.lib comdlg32.lib advapi32.lib && cd ."
LINK Pass 1: command "C:\PROGRA~1\MICROS~4\2022\COMMUN~1\VC\Tools\MSVC\1430~1.307\bin\Hostx64\x64\link.exe /nologo CMakeFiles\cmTC_d7e06.dir\CheckFunctionExists.cxx.obj /out:cmTC_d7e06.exe /implib:cmTC_d7e06.lib /pdb:cmTC_d7e06.pdb /version:0.0 /machine:x64 /debug /INCREMENTAL /subsystem:console pthreads.lib kernel32.lib user32.lib gdi32.lib winspool.lib shell32.lib ole32.lib oleaut32.lib uuid.lib comdlg32.lib advapi32.lib /MANIFEST /MANIFESTFILE:CMakeFiles\cmTC_d7e06.dir/intermediate.manifest CMakeFiles\cmTC_d7e06.dir/manifest.res" failed (exit code 1104) with the following output:
LINK : fatal error LNK1104: cannot open file 'pthreads.lib'
ninja: build stopped: subcommand failed.



Determining if the function pthread_create exists in the pthread failed with the following output:
Change Dir: C:/Users/harve/source/repos/2023_20373187/WS5_Exercises/build-WorkSheet_5_Exercise-Desktop_Qt_6_4_2_MSVC2019_64bit-Debug/CMakeFiles/CMakeTmp

Run Build Command(s):C:/PROGRA~1/MICROS~4/2022/COMMUN~1/Common7/IDE/COMMON~1/MICROS~1/CMake/Ninja/ninja.exe cmTC_62a60 && [1/2] Building CXX object CMakeFiles\cmTC_62a60.dir\CheckFunctionExists.cxx.obj
[2/2] Linking CXX executable cmTC_62a60.exe
FAILED: cmTC_62a60.exe 
cmd.exe /C "cd . && C:\Qt\Tools\CMake_64\bin\cmake.exe -E vs_link_exe --intdir=CMakeFiles\cmTC_62a60.dir --rc=C:\PROGRA~2\WI3CF2~1\10\bin\100190~1.0\x64\rc.exe --mt=C:\PROGRA~2\WI3CF2~1\10\bin\100190~1.0\x64\mt.exe --manifests  -- C:\PROGRA~1\MICROS~4\2022\COMMUN~1\VC\Tools\MSVC\1430~1.307\bin\Hostx64\x64\link.exe /nologo CMakeFiles\cmTC_62a60.dir\CheckFunctionExists.cxx.obj  /out:cmTC_62a60.exe /implib:cmTC_62a60.lib /pdb:cmTC_62a60.pdb /version:0.0 /machine:x64  /debug /INCREMENTAL /subsystem:console  pthread.lib  kernel32.lib user32.lib gdi32.lib winspool.lib shell32.lib ole32.lib oleaut32.lib uuid.lib comdlg32.lib advapi32.lib && cd ."
LINK Pass 1: command "C:\PROGRA~1\MICROS~4\2022\COMMUN~1\VC\Tools\MSVC\1430~1.307\bin\Hostx64\x64\link.exe /nologo CMakeFiles\cmTC_62a60.dir\CheckFunctionExists.cxx.obj /out:cmTC_62a60.exe /implib:cmTC_62a60.lib /pdb:cmTC_62a60.pdb /version:0.0 /machine:x64 /debug /INCREMENTAL /subsystem:console pthread.lib kernel32.lib user32.lib gdi32.lib winspool.lib shell32.lib ole32.lib oleaut32.lib uuid.lib comdlg32.lib advapi32.lib /MANIFEST /MANIFESTFILE:CMakeFiles\cmTC_62a60.dir/intermediate.manifest CMakeFiles\cmTC_62a60.dir/manifest.res" failed (exit code 1104) with the following output:
LINK : fatal error LNK1104: cannot open file 'pthread.lib'
ninja: build stopped: subcommand failed.



